[0m09:14:06.724947 [debug] [MainThread]: Sending event: {'category': 'dbt', 'action': 'invocation', 'label': 'start', 'context': [<snowplow_tracker.self_describing_json.SelfDescribingJson object at 0x757a3ad7a4d0>, <snowplow_tracker.self_describing_json.SelfDescribingJson object at 0x757a39d72110>, <snowplow_tracker.self_describing_json.SelfDescribingJson object at 0x757a39d70c10>]}


============================== 09:14:06.735719 | c8378205-932b-4861-b248-9f4d8bcb4f6c ==============================
[0m09:14:06.735719 [info ] [MainThread]: Running with dbt=1.11.6
[0m09:14:06.740478 [debug] [MainThread]: running dbt with arguments {'fail_fast': 'False', 'introspect': 'True', 'empty': 'None', 'indirect_selection': 'eager', 'debug': 'False', 'use_experimental_parser': 'False', 'quiet': 'False', 'use_colors': 'True', 'printer_width': '80', 'profiles_dir': '/home/theertha/.dbt', 'version_check': 'True', 'no_print': 'None', 'log_path': 'logs', 'invocation_command': 'dbt init my_dbt_project', 'target_path': 'None', 'log_format': 'default', 'partial_parse': 'True', 'write_json': 'True', 'cache_selected_only': 'False', 'static_parser': 'True', 'warn_error': 'None', 'warn_error_options': 'WarnErrorOptionsV2(error=[], warn=[], silence=[])', 'send_anonymous_usage_stats': 'True', 'log_cache_events': 'False'}
[0m09:14:06.766065 [info ] [MainThread]: Creating dbt configuration folder at /home/theertha/.dbt
[0m09:14:06.777789 [debug] [MainThread]: Starter project path: /home/theertha/.local/lib/python3.10/site-packages/dbt/include/starter_project
[0m09:14:07.684708 [info ] [MainThread]: 
Your new dbt project "my_dbt_project" was created!

For more information on how to configure the profiles.yml file,
please consult the dbt documentation here:

  https://docs.getdbt.com/docs/configure-your-profile

One more thing:

Need help? Don't hesitate to reach out to us via GitHub issues or on Slack:

  https://community.getdbt.com/

Happy modeling!

[0m09:14:07.693730 [info ] [MainThread]: Setting up your profile.
[0m09:14:51.683366 [info ] [MainThread]: Profile my_dbt_project written to /home/theertha/.dbt/profiles.yml using target's sample configuration. Once updated, you'll be able to start developing with dbt.
[0m09:14:51.692545 [debug] [MainThread]: Resource report: {"command_name": "init", "command_success": true, "command_wall_clock_time": 45.116264, "process_in_blocks": "18448", "process_kernel_time": 0.603129, "process_mem_max_rss": "97604", "process_out_blocks": "8", "process_user_time": 2.669336}
[0m09:14:51.698248 [debug] [MainThread]: Command `dbt init` succeeded at 09:14:51.697794 after 45.12 seconds
[0m09:14:51.703216 [debug] [MainThread]: Sending event: {'category': 'dbt', 'action': 'invocation', 'label': 'end', 'context': [<snowplow_tracker.self_describing_json.SelfDescribingJson object at 0x757a3ad7a4d0>, <snowplow_tracker.self_describing_json.SelfDescribingJson object at 0x757a39bc4f70>, <snowplow_tracker.self_describing_json.SelfDescribingJson object at 0x757a39bc47f0>]}
[0m09:14:51.706973 [debug] [MainThread]: Flushing usage events
[0m09:14:53.898627 [debug] [MainThread]: An error was encountered while trying to flush usage events
